c:\git\clientsolvermanager\texasresolvermanager\x64\debug\vc143.pdb
c:\git\clientsolvermanager\texasresolvermanager\x64\debug\vc143.idb
c:\git\clientsolvermanager\texasresolvermanager\x64\debug\solvermgr.obj
c:\git\clientsolvermanager\texasresolvermanager\x64\debug\rpipe.obj
c:\git\clientsolvermanager\texasresolvermanager\x64\debug\memshare.obj
c:\git\clientsolvermanager\texasresolvermanager\x64\debug\card.obj
c:\git\clientsolvermanager\texasresolvermanager\x64\debug\net.obj
c:\git\clientsolvermanager\texasresolvermanager\x64\debug\testnet.obj
c:\git\clientsolvermanager\texasresolvermanager\x64\debug\solvermgr.cpp.obj
c:\git\clientsolvermanager\x64\debug\resolvergr.exe
c:\git\clientsolvermanager\texasresolvermanager\x64\debug\resolvergr.ilk
c:\git\clientsolvermanager\x64\debug\resolvergr.pdb
c:\git\clientsolvermanager\texasresolvermanager\x64\debug\resolvergr.tlog\cl.command.1.tlog
c:\git\clientsolvermanager\texasresolvermanager\x64\debug\resolvergr.tlog\cl.items.tlog
c:\git\clientsolvermanager\texasresolvermanager\x64\debug\resolvergr.tlog\cl.read.1.tlog
c:\git\clientsolvermanager\texasresolvermanager\x64\debug\resolvergr.tlog\cl.write.1.tlog
c:\git\clientsolvermanager\texasresolvermanager\x64\debug\resolvergr.tlog\link-cvtres.read.1.tlog
c:\git\clientsolvermanager\texasresolvermanager\x64\debug\resolvergr.tlog\link-cvtres.write.1.tlog
c:\git\clientsolvermanager\texasresolvermanager\x64\debug\resolvergr.tlog\link-rc.read.1.tlog
c:\git\clientsolvermanager\texasresolvermanager\x64\debug\resolvergr.tlog\link-rc.write.1.tlog
c:\git\clientsolvermanager\texasresolvermanager\x64\debug\resolvergr.tlog\link.40436-cvtres.read.1.tlog
c:\git\clientsolvermanager\texasresolvermanager\x64\debug\resolvergr.tlog\link.40436-cvtres.write.1.tlog
c:\git\clientsolvermanager\texasresolvermanager\x64\debug\resolvergr.tlog\link.40436-rc.read.1.tlog
c:\git\clientsolvermanager\texasresolvermanager\x64\debug\resolvergr.tlog\link.40436-rc.write.1.tlog
c:\git\clientsolvermanager\texasresolvermanager\x64\debug\resolvergr.tlog\link.40436.read.1.tlog
c:\git\clientsolvermanager\texasresolvermanager\x64\debug\resolvergr.tlog\link.40436.read.2.tlog
c:\git\clientsolvermanager\texasresolvermanager\x64\debug\resolvergr.tlog\link.40436.write.1.tlog
c:\git\clientsolvermanager\texasresolvermanager\x64\debug\resolvergr.tlog\link.command.1.tlog
c:\git\clientsolvermanager\texasresolvermanager\x64\debug\resolvergr.tlog\link.read.1.tlog
c:\git\clientsolvermanager\texasresolvermanager\x64\debug\resolvergr.tlog\link.read.2.tlog
c:\git\clientsolvermanager\texasresolvermanager\x64\debug\resolvergr.tlog\link.write.1.tlog
